{"C:\\Source\\Dev\\In-Query-Generator-AZ\\src\\extension.ts":{"path":"C:\\Source\\Dev\\In-Query-Generator-AZ\\src\\extension.ts","statementMap":{"0":{"start":{"line":7,"column":25},"end":{"line":9,"column":6}},"1":{"start":{"line":8,"column":8},"end":{"line":8,"column":33}},"2":{"start":{"line":11,"column":26},"end":{"line":13,"column":6}},"3":{"start":{"line":12,"column":8},"end":{"line":12,"column":41}},"4":{"start":{"line":15,"column":33},"end":{"line":17,"column":6}},"5":{"start":{"line":16,"column":8},"end":{"line":16,"column":33}},"6":{"start":{"line":19,"column":29},"end":{"line":25,"column":6}},"7":{"start":{"line":20,"column":23},"end":{"line":20,"column":76}},"8":{"start":{"line":21,"column":29},"end":{"line":21,"column":76}},"9":{"start":{"line":22,"column":8},"end":{"line":22,"column":64}},"10":{"start":{"line":23,"column":8},"end":{"line":23,"column":30}},"11":{"start":{"line":24,"column":8},"end":{"line":24,"column":86}},"12":{"start":{"line":27,"column":29},"end":{"line":32,"column":6}},"13":{"start":{"line":28,"column":23},"end":{"line":28,"column":76}},"14":{"start":{"line":29,"column":29},"end":{"line":29,"column":67}},"15":{"start":{"line":30,"column":8},"end":{"line":30,"column":55}},"16":{"start":{"line":31,"column":8},"end":{"line":31,"column":105}},"17":{"start":{"line":35,"column":4},"end":{"line":35,"column":92}},"18":{"start":{"line":36,"column":4},"end":{"line":36,"column":46}},"19":{"start":{"line":39,"column":4},"end":{"line":39,"column":26}},"20":{"start":{"line":42,"column":4},"end":{"line":46,"column":8}},"21":{"start":{"line":43,"column":8},"end":{"line":45,"column":9}},"22":{"start":{"line":44,"column":12},"end":{"line":44,"column":34}},"23":{"start":{"line":48,"column":4},"end":{"line":54,"column":6}},"24":{"start":{"line":58,"column":19},"end":{"line":58,"column":72}},"25":{"start":{"line":59,"column":30},"end":{"line":59,"column":77}},"26":{"start":{"line":60,"column":21},"end":{"line":60,"column":59}},"27":{"start":{"line":62,"column":4},"end":{"line":62,"column":102}},"28":{"start":{"line":63,"column":4},"end":{"line":63,"column":143}},"29":{"start":{"line":64,"column":4},"end":{"line":64,"column":71}},"30":{"start":{"line":65,"column":4},"end":{"line":65,"column":25}},"31":{"start":{"line":69,"column":4},"end":{"line":97,"column":5}},"32":{"start":{"line":70,"column":23},"end":{"line":70,"column":53}},"33":{"start":{"line":71,"column":8},"end":{"line":94,"column":9}},"34":{"start":{"line":72,"column":30},"end":{"line":72,"column":46}},"35":{"start":{"line":73,"column":33},"end":{"line":73,"column":67}},"36":{"start":{"line":75,"column":12},"end":{"line":91,"column":13}},"37":{"start":{"line":77,"column":16},"end":{"line":79,"column":17}},"38":{"start":{"line":78,"column":20},"end":{"line":78,"column":117}},"39":{"start":{"line":81,"column":29},"end":{"line":81,"column":52}},"40":{"start":{"line":82,"column":16},"end":{"line":85,"column":17}},"41":{"start":{"line":83,"column":20},"end":{"line":83,"column":90}},"42":{"start":{"line":84,"column":20},"end":{"line":84,"column":27}},"43":{"start":{"line":87,"column":36},"end":{"line":87,"column":61}},"44":{"start":{"line":88,"column":16},"end":{"line":88,"column":76}},"45":{"start":{"line":90,"column":16},"end":{"line":90,"column":70}},"46":{"start":{"line":93,"column":12},"end":{"line":93,"column":71}},"47":{"start":{"line":96,"column":8},"end":{"line":96,"column":128}},"48":{"start":{"line":101,"column":4},"end":{"line":145,"column":5}},"49":{"start":{"line":102,"column":23},"end":{"line":102,"column":53}},"50":{"start":{"line":103,"column":8},"end":{"line":106,"column":9}},"51":{"start":{"line":104,"column":12},"end":{"line":104,"column":71}},"52":{"start":{"line":105,"column":12},"end":{"line":105,"column":19}},"53":{"start":{"line":108,"column":30},"end":{"line":108,"column":67}},"54":{"start":{"line":109,"column":8},"end":{"line":142,"column":9}},"55":{"start":{"line":111,"column":12},"end":{"line":113,"column":13}},"56":{"start":{"line":112,"column":16},"end":{"line":112,"column":113}},"57":{"start":{"line":116,"column":41},"end":{"line":116,"column":71}},"58":{"start":{"line":118,"column":12},"end":{"line":129,"column":13}},"59":{"start":{"line":120,"column":31},"end":{"line":123,"column":17}},"60":{"start":{"line":125,"column":16},"end":{"line":128,"column":17}},"61":{"start":{"line":126,"column":20},"end":{"line":126,"column":58}},"62":{"start":{"line":127,"column":20},"end":{"line":127,"column":27}},"63":{"start":{"line":132,"column":31},"end":{"line":132,"column":55}},"64":{"start":{"line":133,"column":12},"end":{"line":136,"column":13}},"65":{"start":{"line":134,"column":16},"end":{"line":134,"column":86}},"66":{"start":{"line":135,"column":16},"end":{"line":135,"column":23}},"67":{"start":{"line":138,"column":32},"end":{"line":138,"column":63}},"68":{"start":{"line":139,"column":12},"end":{"line":139,"column":73}},"69":{"start":{"line":141,"column":12},"end":{"line":141,"column":68}},"70":{"start":{"line":144,"column":8},"end":{"line":144,"column":128}},"71":{"start":{"line":149,"column":4},"end":{"line":174,"column":5}},"72":{"start":{"line":150,"column":23},"end":{"line":150,"column":53}},"73":{"start":{"line":151,"column":8},"end":{"line":154,"column":9}},"74":{"start":{"line":152,"column":12},"end":{"line":152,"column":71}},"75":{"start":{"line":153,"column":12},"end":{"line":153,"column":19}},"76":{"start":{"line":156,"column":26},"end":{"line":156,"column":42}},"77":{"start":{"line":157,"column":29},"end":{"line":157,"column":63}},"78":{"start":{"line":159,"column":8},"end":{"line":162,"column":9}},"79":{"start":{"line":160,"column":12},"end":{"line":160,"column":66}},"80":{"start":{"line":161,"column":12},"end":{"line":161,"column":19}},"81":{"start":{"line":164,"column":37},"end":{"line":164,"column":66}},"82":{"start":{"line":166,"column":8},"end":{"line":169,"column":9}},"83":{"start":{"line":167,"column":12},"end":{"line":167,"column":111}},"84":{"start":{"line":168,"column":12},"end":{"line":168,"column":19}},"85":{"start":{"line":171,"column":8},"end":{"line":171,"column":46}},"86":{"start":{"line":173,"column":8},"end":{"line":173,"column":129}},"87":{"start":{"line":178,"column":19},"end":{"line":178,"column":49}},"88":{"start":{"line":179,"column":4},"end":{"line":179,"column":24}},"89":{"start":{"line":179,"column":17},"end":{"line":179,"column":24}},"90":{"start":{"line":181,"column":20},"end":{"line":181,"column":27}},"91":{"start":{"line":182,"column":20},"end":{"line":185,"column":7}},"92":{"start":{"line":182,"column":52},"end":{"line":185,"column":5}},"93":{"start":{"line":187,"column":27},"end":{"line":190,"column":5}},"94":{"start":{"line":188,"column":27},"end":{"line":188,"column":36}},"95":{"start":{"line":192,"column":4},"end":{"line":215,"column":5}},"96":{"start":{"line":193,"column":28},"end":{"line":193,"column":89}},"97":{"start":{"line":193,"column":48},"end":{"line":193,"column":76}},"98":{"start":{"line":194,"column":23},"end":{"line":194,"column":97}},"99":{"start":{"line":194,"column":48},"end":{"line":194,"column":70}},"100":{"start":{"line":194,"column":86},"end":{"line":194,"column":96}},"101":{"start":{"line":196,"column":8},"end":{"line":199,"column":9}},"102":{"start":{"line":197,"column":12},"end":{"line":197,"column":88}},"103":{"start":{"line":198,"column":12},"end":{"line":198,"column":19}},"104":{"start":{"line":201,"column":32},"end":{"line":205,"column":10}},"105":{"start":{"line":207,"column":23},"end":{"line":207,"column":76}},"106":{"start":{"line":209,"column":8},"end":{"line":211,"column":9}},"107":{"start":{"line":210,"column":12},"end":{"line":210,"column":70}},"108":{"start":{"line":213,"column":28},"end":{"line":213,"column":72}},"109":{"start":{"line":214,"column":8},"end":{"line":214,"column":69}},"110":{"start":{"line":220,"column":18},"end":{"line":220,"column":44}},"111":{"start":{"line":222,"column":4},"end":{"line":241,"column":5}},"112":{"start":{"line":224,"column":24},"end":{"line":224,"column":28}},"113":{"start":{"line":225,"column":27},"end":{"line":225,"column":74}},"114":{"start":{"line":225,"column":45},"end":{"line":225,"column":73}},"115":{"start":{"line":228,"column":8},"end":{"line":231,"column":9}},"116":{"start":{"line":228,"column":65},"end":{"line":228,"column":90}},"117":{"start":{"line":229,"column":12},"end":{"line":229,"column":28}},"118":{"start":{"line":230,"column":12},"end":{"line":230,"column":75}},"119":{"start":{"line":230,"column":45},"end":{"line":230,"column":73}},"120":{"start":{"line":233,"column":29},"end":{"line":233,"column":96}},"121":{"start":{"line":233,"column":57},"end":{"line":233,"column":95}},"122":{"start":{"line":235,"column":8},"end":{"line":240,"column":9}},"123":{"start":{"line":236,"column":12},"end":{"line":239,"column":14}},"124":{"start":{"line":238,"column":40},"end":{"line":238,"column":86}},"125":{"start":{"line":238,"column":74},"end":{"line":238,"column":85}},"126":{"start":{"line":243,"column":4},"end":{"line":243,"column":43}},"127":{"start":{"line":247,"column":19},"end":{"line":247,"column":72}},"128":{"start":{"line":248,"column":30},"end":{"line":248,"column":76}},"129":{"start":{"line":250,"column":4},"end":{"line":266,"column":5}},"130":{"start":{"line":252,"column":8},"end":{"line":264,"column":9}},"131":{"start":{"line":253,"column":12},"end":{"line":253,"column":62}},"132":{"start":{"line":254,"column":12},"end":{"line":254,"column":89}},"133":{"start":{"line":256,"column":12},"end":{"line":262,"column":15}},"134":{"start":{"line":257,"column":16},"end":{"line":261,"column":17}},"135":{"start":{"line":258,"column":20},"end":{"line":258,"column":77}},"136":{"start":{"line":260,"column":20},"end":{"line":260,"column":71}},"137":{"start":{"line":263,"column":12},"end":{"line":263,"column":75}},"138":{"start":{"line":265,"column":8},"end":{"line":265,"column":15}},"139":{"start":{"line":269,"column":29},"end":{"line":269,"column":31}},"140":{"start":{"line":270,"column":24},"end":{"line":272,"column":21}},"141":{"start":{"line":274,"column":45},"end":{"line":276,"column":5}},"142":{"start":{"line":278,"column":20},"end":{"line":280,"column":61}},"143":{"start":{"line":282,"column":27},"end":{"line":282,"column":78}},"144":{"start":{"line":284,"column":4},"end":{"line":296,"column":5}},"145":{"start":{"line":285,"column":8},"end":{"line":291,"column":11}},"146":{"start":{"line":286,"column":12},"end":{"line":290,"column":13}},"147":{"start":{"line":287,"column":16},"end":{"line":287,"column":73}},"148":{"start":{"line":289,"column":16},"end":{"line":289,"column":67}},"149":{"start":{"line":292,"column":8},"end":{"line":292,"column":71}},"150":{"start":{"line":293,"column":11},"end":{"line":296,"column":5}},"151":{"start":{"line":294,"column":8},"end":{"line":294,"column":58}},"152":{"start":{"line":295,"column":8},"end":{"line":295,"column":82}},"153":{"start":{"line":300,"column":4},"end":{"line":326,"column":5}},"154":{"start":{"line":302,"column":8},"end":{"line":302,"column":81}},"155":{"start":{"line":304,"column":23},"end":{"line":304,"column":76}},"156":{"start":{"line":305,"column":34},"end":{"line":305,"column":81}},"157":{"start":{"line":309,"column":8},"end":{"line":320,"column":9}},"158":{"start":{"line":311,"column":12},"end":{"line":313,"column":45}},"159":{"start":{"line":312,"column":29},"end":{"line":312,"column":40}},"160":{"start":{"line":313,"column":32},"end":{"line":313,"column":43}},"161":{"start":{"line":317,"column":12},"end":{"line":319,"column":45}},"162":{"start":{"line":318,"column":29},"end":{"line":318,"column":40}},"163":{"start":{"line":319,"column":32},"end":{"line":319,"column":43}},"164":{"start":{"line":322,"column":8},"end":{"line":322,"column":22}},"165":{"start":{"line":324,"column":8},"end":{"line":324,"column":123}},"166":{"start":{"line":325,"column":8},"end":{"line":325,"column":18}},"167":{"start":{"line":330,"column":4},"end":{"line":333,"column":5}},"168":{"start":{"line":331,"column":8},"end":{"line":331,"column":78}},"169":{"start":{"line":332,"column":8},"end":{"line":332,"column":18}},"170":{"start":{"line":335,"column":19},"end":{"line":335,"column":72}},"171":{"start":{"line":336,"column":21},"end":{"line":336,"column":59}},"172":{"start":{"line":337,"column":23},"end":{"line":337,"column":49}},"173":{"start":{"line":339,"column":4},"end":{"line":341,"column":5}},"174":{"start":{"line":340,"column":8},"end":{"line":340,"column":65}},"175":{"start":{"line":343,"column":26},"end":{"line":347,"column":6}},"176":{"start":{"line":349,"column":26},"end":{"line":349,"column":61}},"177":{"start":{"line":349,"column":43},"end":{"line":349,"column":60}},"178":{"start":{"line":354,"column":4},"end":{"line":368,"column":5}},"179":{"start":{"line":355,"column":23},"end":{"line":355,"column":59}},"180":{"start":{"line":356,"column":8},"end":{"line":356,"column":81}},"181":{"start":{"line":357,"column":11},"end":{"line":368,"column":5}},"182":{"start":{"line":359,"column":35},"end":{"line":359,"column":37}},"183":{"start":{"line":360,"column":8},"end":{"line":362,"column":9}},"184":{"start":{"line":360,"column":21},"end":{"line":360,"column":22}},"185":{"start":{"line":361,"column":12},"end":{"line":361,"column":84}},"186":{"start":{"line":364,"column":23},"end":{"line":364,"column":59}},"187":{"start":{"line":365,"column":8},"end":{"line":365,"column":105}},"188":{"start":{"line":365,"column":59},"end":{"line":365,"column":75}},"189":{"start":{"line":367,"column":8},"end":{"line":367,"column":48}},"190":{"start":{"line":370,"column":24},"end":{"line":372,"column":43}},"191":{"start":{"line":374,"column":4},"end":{"line":374,"column":23}},"192":{"start":{"line":378,"column":4},"end":{"line":380,"column":5}},"193":{"start":{"line":379,"column":8},"end":{"line":379,"column":22}},"194":{"start":{"line":383,"column":4},"end":{"line":385,"column":5}},"195":{"start":{"line":384,"column":8},"end":{"line":384,"column":20}},"196":{"start":{"line":387,"column":19},"end":{"line":387,"column":72}},"197":{"start":{"line":388,"column":28},"end":{"line":388,"column":72}},"198":{"start":{"line":390,"column":4},"end":{"line":405,"column":5}},"199":{"start":{"line":392,"column":8},"end":{"line":394,"column":9}},"200":{"start":{"line":393,"column":12},"end":{"line":393,"column":36}},"201":{"start":{"line":397,"column":8},"end":{"line":399,"column":9}},"202":{"start":{"line":398,"column":12},"end":{"line":398,"column":41}},"203":{"start":{"line":402,"column":8},"end":{"line":404,"column":9}},"204":{"start":{"line":403,"column":12},"end":{"line":403,"column":31}},"205":{"start":{"line":408,"column":4},"end":{"line":408,"column":43}},"206":{"start":{"line":419,"column":4},"end":{"line":421,"column":5}},"207":{"start":{"line":420,"column":8},"end":{"line":420,"column":32}}},"fnMap":{"0":{"name":"activate","decl":{"start":{"line":5,"column":16},"end":{"line":5,"column":24}},"loc":{"start":{"line":5,"column":59},"end":{"line":55,"column":1}},"line":5},"1":{"name":"(anonymous_1)","decl":{"start":{"line":7,"column":88},"end":{"line":7,"column":89}},"loc":{"start":{"line":7,"column":100},"end":{"line":9,"column":5}},"line":7},"2":{"name":"(anonymous_2)","decl":{"start":{"line":11,"column":90},"end":{"line":11,"column":91}},"loc":{"start":{"line":11,"column":102},"end":{"line":13,"column":5}},"line":11},"3":{"name":"(anonymous_3)","decl":{"start":{"line":15,"column":102},"end":{"line":15,"column":103}},"loc":{"start":{"line":15,"column":114},"end":{"line":17,"column":5}},"line":15},"4":{"name":"(anonymous_4)","decl":{"start":{"line":19,"column":105},"end":{"line":19,"column":106}},"loc":{"start":{"line":19,"column":111},"end":{"line":25,"column":5}},"line":19},"5":{"name":"(anonymous_5)","decl":{"start":{"line":27,"column":93},"end":{"line":27,"column":94}},"loc":{"start":{"line":27,"column":99},"end":{"line":32,"column":5}},"line":27},"6":{"name":"(anonymous_6)","decl":{"start":{"line":42,"column":73},"end":{"line":42,"column":74}},"loc":{"start":{"line":42,"column":78},"end":{"line":46,"column":5}},"line":42},"7":{"name":"updateStatusBarItem","decl":{"start":{"line":57,"column":9},"end":{"line":57,"column":28}},"loc":{"start":{"line":57,"column":37},"end":{"line":66,"column":1}},"line":57},"8":{"name":"processSelection","decl":{"start":{"line":68,"column":15},"end":{"line":68,"column":31}},"loc":{"start":{"line":68,"column":34},"end":{"line":98,"column":1}},"line":68},"9":{"name":"processAndPasteClipboard","decl":{"start":{"line":100,"column":15},"end":{"line":100,"column":39}},"loc":{"start":{"line":100,"column":42},"end":{"line":146,"column":1}},"line":100},"10":{"name":"processBatchData","decl":{"start":{"line":148,"column":15},"end":{"line":148,"column":31}},"loc":{"start":{"line":148,"column":34},"end":{"line":175,"column":1}},"line":148},"11":{"name":"processBatchDataFromArray","decl":{"start":{"line":177,"column":15},"end":{"line":177,"column":40}},"loc":{"start":{"line":177,"column":59},"end":{"line":216,"column":1}},"line":177},"12":{"name":"(anonymous_12)","decl":{"start":{"line":182,"column":32},"end":{"line":182,"column":33}},"loc":{"start":{"line":182,"column":52},"end":{"line":185,"column":5}},"line":182},"13":{"name":"(anonymous_13)","decl":{"start":{"line":188,"column":20},"end":{"line":188,"column":21}},"loc":{"start":{"line":188,"column":27},"end":{"line":188,"column":36}},"line":188},"14":{"name":"(anonymous_14)","decl":{"start":{"line":193,"column":41},"end":{"line":193,"column":42}},"loc":{"start":{"line":193,"column":48},"end":{"line":193,"column":76}},"line":193},"15":{"name":"(anonymous_15)","decl":{"start":{"line":194,"column":41},"end":{"line":194,"column":42}},"loc":{"start":{"line":194,"column":48},"end":{"line":194,"column":70}},"line":194},"16":{"name":"(anonymous_16)","decl":{"start":{"line":194,"column":79},"end":{"line":194,"column":80}},"loc":{"start":{"line":194,"column":86},"end":{"line":194,"column":96}},"line":194},"17":{"name":"detectTableData","decl":{"start":{"line":218,"column":9},"end":{"line":218,"column":24}},"loc":{"start":{"line":218,"column":82},"end":{"line":244,"column":1}},"line":218},"18":{"name":"(anonymous_18)","decl":{"start":{"line":225,"column":37},"end":{"line":225,"column":38}},"loc":{"start":{"line":225,"column":45},"end":{"line":225,"column":73}},"line":225},"19":{"name":"(anonymous_19)","decl":{"start":{"line":228,"column":56},"end":{"line":228,"column":57}},"loc":{"start":{"line":228,"column":65},"end":{"line":228,"column":90}},"line":228},"20":{"name":"(anonymous_20)","decl":{"start":{"line":230,"column":37},"end":{"line":230,"column":38}},"loc":{"start":{"line":230,"column":45},"end":{"line":230,"column":73}},"line":230},"21":{"name":"(anonymous_21)","decl":{"start":{"line":233,"column":48},"end":{"line":233,"column":49}},"loc":{"start":{"line":233,"column":57},"end":{"line":233,"column":95}},"line":233},"22":{"name":"(anonymous_22)","decl":{"start":{"line":238,"column":32},"end":{"line":238,"column":33}},"loc":{"start":{"line":238,"column":40},"end":{"line":238,"column":86}},"line":238},"23":{"name":"(anonymous_23)","decl":{"start":{"line":238,"column":66},"end":{"line":238,"column":67}},"loc":{"start":{"line":238,"column":74},"end":{"line":238,"column":85}},"line":238},"24":{"name":"previewAndApplyInStatement","decl":{"start":{"line":246,"column":15},"end":{"line":246,"column":41}},"loc":{"start":{"line":246,"column":114},"end":{"line":297,"column":1}},"line":246},"25":{"name":"(anonymous_25)","decl":{"start":{"line":256,"column":24},"end":{"line":256,"column":25}},"loc":{"start":{"line":256,"column":39},"end":{"line":262,"column":13}},"line":256},"26":{"name":"(anonymous_26)","decl":{"start":{"line":285,"column":20},"end":{"line":285,"column":21}},"loc":{"start":{"line":285,"column":35},"end":{"line":291,"column":9}},"line":285},"27":{"name":"parseText","decl":{"start":{"line":299,"column":16},"end":{"line":299,"column":25}},"loc":{"start":{"line":299,"column":50},"end":{"line":327,"column":1}},"line":299},"28":{"name":"(anonymous_28)","decl":{"start":{"line":312,"column":21},"end":{"line":312,"column":22}},"loc":{"start":{"line":312,"column":29},"end":{"line":312,"column":40}},"line":312},"29":{"name":"(anonymous_29)","decl":{"start":{"line":313,"column":24},"end":{"line":313,"column":25}},"loc":{"start":{"line":313,"column":32},"end":{"line":313,"column":43}},"line":313},"30":{"name":"(anonymous_30)","decl":{"start":{"line":318,"column":21},"end":{"line":318,"column":22}},"loc":{"start":{"line":318,"column":29},"end":{"line":318,"column":40}},"line":318},"31":{"name":"(anonymous_31)","decl":{"start":{"line":319,"column":24},"end":{"line":319,"column":25}},"loc":{"start":{"line":319,"column":32},"end":{"line":319,"column":43}},"line":319},"32":{"name":"generateInStatement","decl":{"start":{"line":329,"column":16},"end":{"line":329,"column":35}},"loc":{"start":{"line":329,"column":81},"end":{"line":375,"column":1}},"line":329},"33":{"name":"(anonymous_33)","decl":{"start":{"line":349,"column":35},"end":{"line":349,"column":36}},"loc":{"start":{"line":349,"column":43},"end":{"line":349,"column":60}},"line":349},"34":{"name":"(anonymous_34)","decl":{"start":{"line":365,"column":50},"end":{"line":365,"column":51}},"loc":{"start":{"line":365,"column":59},"end":{"line":365,"column":75}},"line":365},"35":{"name":"formatValue","decl":{"start":{"line":377,"column":16},"end":{"line":377,"column":27}},"loc":{"start":{"line":377,"column":50},"end":{"line":409,"column":1}},"line":377},"36":{"name":"deactivate","decl":{"start":{"line":418,"column":16},"end":{"line":418,"column":26}},"loc":{"start":{"line":418,"column":29},"end":{"line":422,"column":1}},"line":418}},"branchMap":{"0":{"loc":{"start":{"line":31,"column":63},"end":{"line":31,"column":101}},"type":"cond-expr","locations":[{"start":{"line":31,"column":79},"end":{"line":31,"column":88}},{"start":{"line":31,"column":91},"end":{"line":31,"column":101}}],"line":31},"1":{"loc":{"start":{"line":43,"column":8},"end":{"line":45,"column":9}},"type":"if","locations":[{"start":{"line":43,"column":8},"end":{"line":45,"column":9}},{"start":{"line":43,"column":8},"end":{"line":45,"column":9}}],"line":43},"2":{"loc":{"start":{"line":62,"column":28},"end":{"line":62,"column":54}},"type":"cond-expr","locations":[{"start":{"line":62,"column":39},"end":{"line":62,"column":47}},{"start":{"line":62,"column":50},"end":{"line":62,"column":54}}],"line":62},"3":{"loc":{"start":{"line":62,"column":59},"end":{"line":62,"column":99}},"type":"cond-expr","locations":[{"start":{"line":62,"column":79},"end":{"line":62,"column":86}},{"start":{"line":62,"column":89},"end":{"line":62,"column":99}}],"line":62},"4":{"loc":{"start":{"line":63,"column":52},"end":{"line":63,"column":94}},"type":"cond-expr","locations":[{"start":{"line":63,"column":72},"end":{"line":63,"column":81}},{"start":{"line":63,"column":84},"end":{"line":63,"column":94}}],"line":63},"5":{"loc":{"start":{"line":63,"column":107},"end":{"line":63,"column":140}},"type":"cond-expr","locations":[{"start":{"line":63,"column":118},"end":{"line":63,"column":127}},{"start":{"line":63,"column":130},"end":{"line":63,"column":140}}],"line":63},"6":{"loc":{"start":{"line":71,"column":8},"end":{"line":94,"column":9}},"type":"if","locations":[{"start":{"line":71,"column":8},"end":{"line":94,"column":9}},{"start":{"line":71,"column":8},"end":{"line":94,"column":9}}],"line":71},"7":{"loc":{"start":{"line":75,"column":12},"end":{"line":91,"column":13}},"type":"if","locations":[{"start":{"line":75,"column":12},"end":{"line":91,"column":13}},{"start":{"line":75,"column":12},"end":{"line":91,"column":13}}],"line":75},"8":{"loc":{"start":{"line":77,"column":16},"end":{"line":79,"column":17}},"type":"if","locations":[{"start":{"line":77,"column":16},"end":{"line":79,"column":17}},{"start":{"line":77,"column":16},"end":{"line":79,"column":17}}],"line":77},"9":{"loc":{"start":{"line":82,"column":16},"end":{"line":85,"column":17}},"type":"if","locations":[{"start":{"line":82,"column":16},"end":{"line":85,"column":17}},{"start":{"line":82,"column":16},"end":{"line":85,"column":17}}],"line":82},"10":{"loc":{"start":{"line":96,"column":70},"end":{"line":96,"column":124}},"type":"cond-expr","locations":[{"start":{"line":96,"column":95},"end":{"line":96,"column":108}},{"start":{"line":96,"column":111},"end":{"line":96,"column":124}}],"line":96},"11":{"loc":{"start":{"line":103,"column":8},"end":{"line":106,"column":9}},"type":"if","locations":[{"start":{"line":103,"column":8},"end":{"line":106,"column":9}},{"start":{"line":103,"column":8},"end":{"line":106,"column":9}}],"line":103},"12":{"loc":{"start":{"line":109,"column":8},"end":{"line":142,"column":9}},"type":"if","locations":[{"start":{"line":109,"column":8},"end":{"line":142,"column":9}},{"start":{"line":109,"column":8},"end":{"line":142,"column":9}}],"line":109},"13":{"loc":{"start":{"line":111,"column":12},"end":{"line":113,"column":13}},"type":"if","locations":[{"start":{"line":111,"column":12},"end":{"line":113,"column":13}},{"start":{"line":111,"column":12},"end":{"line":113,"column":13}}],"line":111},"14":{"loc":{"start":{"line":118,"column":12},"end":{"line":129,"column":13}},"type":"if","locations":[{"start":{"line":118,"column":12},"end":{"line":129,"column":13}},{"start":{"line":118,"column":12},"end":{"line":129,"column":13}}],"line":118},"15":{"loc":{"start":{"line":118,"column":16},"end":{"line":118,"column":45}},"type":"binary-expr","locations":[{"start":{"line":118,"column":16},"end":{"line":118,"column":26}},{"start":{"line":118,"column":30},"end":{"line":118,"column":45}}],"line":118},"16":{"loc":{"start":{"line":125,"column":16},"end":{"line":128,"column":17}},"type":"if","locations":[{"start":{"line":125,"column":16},"end":{"line":128,"column":17}},{"start":{"line":125,"column":16},"end":{"line":128,"column":17}}],"line":125},"17":{"loc":{"start":{"line":133,"column":12},"end":{"line":136,"column":13}},"type":"if","locations":[{"start":{"line":133,"column":12},"end":{"line":136,"column":13}},{"start":{"line":133,"column":12},"end":{"line":136,"column":13}}],"line":133},"18":{"loc":{"start":{"line":144,"column":70},"end":{"line":144,"column":124}},"type":"cond-expr","locations":[{"start":{"line":144,"column":95},"end":{"line":144,"column":108}},{"start":{"line":144,"column":111},"end":{"line":144,"column":124}}],"line":144},"19":{"loc":{"start":{"line":151,"column":8},"end":{"line":154,"column":9}},"type":"if","locations":[{"start":{"line":151,"column":8},"end":{"line":154,"column":9}},{"start":{"line":151,"column":8},"end":{"line":154,"column":9}}],"line":151},"20":{"loc":{"start":{"line":159,"column":8},"end":{"line":162,"column":9}},"type":"if","locations":[{"start":{"line":159,"column":8},"end":{"line":162,"column":9}},{"start":{"line":159,"column":8},"end":{"line":162,"column":9}}],"line":159},"21":{"loc":{"start":{"line":166,"column":8},"end":{"line":169,"column":9}},"type":"if","locations":[{"start":{"line":166,"column":8},"end":{"line":169,"column":9}},{"start":{"line":166,"column":8},"end":{"line":169,"column":9}}],"line":166},"22":{"loc":{"start":{"line":166,"column":12},"end":{"line":166,"column":43}},"type":"binary-expr","locations":[{"start":{"line":166,"column":12},"end":{"line":166,"column":23}},{"start":{"line":166,"column":27},"end":{"line":166,"column":43}}],"line":166},"23":{"loc":{"start":{"line":173,"column":71},"end":{"line":173,"column":125}},"type":"cond-expr","locations":[{"start":{"line":173,"column":96},"end":{"line":173,"column":109}},{"start":{"line":173,"column":112},"end":{"line":173,"column":125}}],"line":173},"24":{"loc":{"start":{"line":179,"column":4},"end":{"line":179,"column":24}},"type":"if","locations":[{"start":{"line":179,"column":4},"end":{"line":179,"column":24}},{"start":{"line":179,"column":4},"end":{"line":179,"column":24}}],"line":179},"25":{"loc":{"start":{"line":192,"column":4},"end":{"line":215,"column":5}},"type":"if","locations":[{"start":{"line":192,"column":4},"end":{"line":215,"column":5}},{"start":{"line":192,"column":4},"end":{"line":215,"column":5}}],"line":192},"26":{"loc":{"start":{"line":193,"column":28},"end":{"line":193,"column":89}},"type":"binary-expr","locations":[{"start":{"line":193,"column":28},"end":{"line":193,"column":84}},{"start":{"line":193,"column":88},"end":{"line":193,"column":89}}],"line":193},"27":{"loc":{"start":{"line":194,"column":48},"end":{"line":194,"column":70}},"type":"binary-expr","locations":[{"start":{"line":194,"column":48},"end":{"line":194,"column":64}},{"start":{"line":194,"column":68},"end":{"line":194,"column":70}}],"line":194},"28":{"loc":{"start":{"line":196,"column":8},"end":{"line":199,"column":9}},"type":"if","locations":[{"start":{"line":196,"column":8},"end":{"line":199,"column":9}},{"start":{"line":196,"column":8},"end":{"line":199,"column":9}}],"line":196},"29":{"loc":{"start":{"line":209,"column":8},"end":{"line":211,"column":9}},"type":"if","locations":[{"start":{"line":209,"column":8},"end":{"line":211,"column":9}},{"start":{"line":209,"column":8},"end":{"line":211,"column":9}}],"line":209},"30":{"loc":{"start":{"line":222,"column":4},"end":{"line":241,"column":5}},"type":"if","locations":[{"start":{"line":222,"column":4},"end":{"line":241,"column":5}},{"start":{"line":222,"column":4},"end":{"line":241,"column":5}}],"line":222},"31":{"loc":{"start":{"line":228,"column":8},"end":{"line":231,"column":9}},"type":"if","locations":[{"start":{"line":228,"column":8},"end":{"line":231,"column":9}},{"start":{"line":228,"column":8},"end":{"line":231,"column":9}}],"line":228},"32":{"loc":{"start":{"line":228,"column":12},"end":{"line":228,"column":91}},"type":"binary-expr","locations":[{"start":{"line":228,"column":12},"end":{"line":228,"column":32}},{"start":{"line":228,"column":36},"end":{"line":228,"column":91}}],"line":228},"33":{"loc":{"start":{"line":233,"column":57},"end":{"line":233,"column":95}},"type":"binary-expr","locations":[{"start":{"line":233,"column":57},"end":{"line":233,"column":82}},{"start":{"line":233,"column":86},"end":{"line":233,"column":95}}],"line":233},"34":{"loc":{"start":{"line":235,"column":8},"end":{"line":240,"column":9}},"type":"if","locations":[{"start":{"line":235,"column":8},"end":{"line":240,"column":9}},{"start":{"line":235,"column":8},"end":{"line":240,"column":9}}],"line":235},"35":{"loc":{"start":{"line":250,"column":4},"end":{"line":266,"column":5}},"type":"if","locations":[{"start":{"line":250,"column":4},"end":{"line":266,"column":5}},{"start":{"line":250,"column":4},"end":{"line":266,"column":5}}],"line":250},"36":{"loc":{"start":{"line":252,"column":8},"end":{"line":264,"column":9}},"type":"if","locations":[{"start":{"line":252,"column":8},"end":{"line":264,"column":9}},{"start":{"line":252,"column":8},"end":{"line":264,"column":9}}],"line":252},"37":{"loc":{"start":{"line":257,"column":16},"end":{"line":261,"column":17}},"type":"if","locations":[{"start":{"line":257,"column":16},"end":{"line":261,"column":17}},{"start":{"line":257,"column":16},"end":{"line":261,"column":17}}],"line":257},"38":{"loc":{"start":{"line":270,"column":24},"end":{"line":272,"column":21}},"type":"cond-expr","locations":[{"start":{"line":271,"column":10},"end":{"line":271,"column":60}},{"start":{"line":272,"column":10},"end":{"line":272,"column":21}}],"line":270},"39":{"loc":{"start":{"line":278,"column":20},"end":{"line":280,"column":61}},"type":"cond-expr","locations":[{"start":{"line":279,"column":10},"end":{"line":279,"column":61}},{"start":{"line":280,"column":10},"end":{"line":280,"column":61}}],"line":278},"40":{"loc":{"start":{"line":284,"column":4},"end":{"line":296,"column":5}},"type":"if","locations":[{"start":{"line":284,"column":4},"end":{"line":296,"column":5}},{"start":{"line":284,"column":4},"end":{"line":296,"column":5}}],"line":284},"41":{"loc":{"start":{"line":286,"column":12},"end":{"line":290,"column":13}},"type":"if","locations":[{"start":{"line":286,"column":12},"end":{"line":290,"column":13}},{"start":{"line":286,"column":12},"end":{"line":290,"column":13}}],"line":286},"42":{"loc":{"start":{"line":293,"column":11},"end":{"line":296,"column":5}},"type":"if","locations":[{"start":{"line":293,"column":11},"end":{"line":296,"column":5}},{"start":{"line":293,"column":11},"end":{"line":296,"column":5}}],"line":293},"43":{"loc":{"start":{"line":309,"column":8},"end":{"line":320,"column":9}},"type":"if","locations":[{"start":{"line":309,"column":8},"end":{"line":320,"column":9}},{"start":{"line":309,"column":8},"end":{"line":320,"column":9}}],"line":309},"44":{"loc":{"start":{"line":324,"column":65},"end":{"line":324,"column":119}},"type":"cond-expr","locations":[{"start":{"line":324,"column":90},"end":{"line":324,"column":103}},{"start":{"line":324,"column":106},"end":{"line":324,"column":119}}],"line":324},"45":{"loc":{"start":{"line":330,"column":4},"end":{"line":333,"column":5}},"type":"if","locations":[{"start":{"line":330,"column":4},"end":{"line":333,"column":5}},{"start":{"line":330,"column":4},"end":{"line":333,"column":5}}],"line":330},"46":{"loc":{"start":{"line":337,"column":23},"end":{"line":337,"column":49}},"type":"cond-expr","locations":[{"start":{"line":337,"column":34},"end":{"line":337,"column":42}},{"start":{"line":337,"column":45},"end":{"line":337,"column":49}}],"line":337},"47":{"loc":{"start":{"line":339,"column":4},"end":{"line":341,"column":5}},"type":"if","locations":[{"start":{"line":339,"column":4},"end":{"line":341,"column":5}},{"start":{"line":339,"column":4},"end":{"line":341,"column":5}}],"line":339},"48":{"loc":{"start":{"line":354,"column":4},"end":{"line":368,"column":5}},"type":"if","locations":[{"start":{"line":354,"column":4},"end":{"line":368,"column":5}},{"start":{"line":354,"column":4},"end":{"line":368,"column":5}}],"line":354},"49":{"loc":{"start":{"line":354,"column":8},"end":{"line":354,"column":56}},"type":"binary-expr","locations":[{"start":{"line":354,"column":8},"end":{"line":354,"column":37}},{"start":{"line":354,"column":41},"end":{"line":354,"column":56}}],"line":354},"50":{"loc":{"start":{"line":357,"column":11},"end":{"line":368,"column":5}},"type":"if","locations":[{"start":{"line":357,"column":11},"end":{"line":368,"column":5}},{"start":{"line":357,"column":11},"end":{"line":368,"column":5}}],"line":357},"51":{"loc":{"start":{"line":357,"column":15},"end":{"line":357,"column":131}},"type":"binary-expr","locations":[{"start":{"line":357,"column":15},"end":{"line":357,"column":45}},{"start":{"line":357,"column":49},"end":{"line":357,"column":83}},{"start":{"line":357,"column":87},"end":{"line":357,"column":131}}],"line":357},"52":{"loc":{"start":{"line":370,"column":24},"end":{"line":372,"column":43}},"type":"cond-expr","locations":[{"start":{"line":371,"column":10},"end":{"line":371,"column":57}},{"start":{"line":372,"column":10},"end":{"line":372,"column":43}}],"line":370},"53":{"loc":{"start":{"line":378,"column":4},"end":{"line":380,"column":5}},"type":"if","locations":[{"start":{"line":378,"column":4},"end":{"line":380,"column":5}},{"start":{"line":378,"column":4},"end":{"line":380,"column":5}}],"line":378},"54":{"loc":{"start":{"line":378,"column":8},"end":{"line":378,"column":46}},"type":"binary-expr","locations":[{"start":{"line":378,"column":8},"end":{"line":378,"column":13}},{"start":{"line":378,"column":17},"end":{"line":378,"column":46}}],"line":378},"55":{"loc":{"start":{"line":383,"column":4},"end":{"line":385,"column":5}},"type":"if","locations":[{"start":{"line":383,"column":4},"end":{"line":385,"column":5}},{"start":{"line":383,"column":4},"end":{"line":385,"column":5}}],"line":383},"56":{"loc":{"start":{"line":390,"column":4},"end":{"line":405,"column":5}},"type":"if","locations":[{"start":{"line":390,"column":4},"end":{"line":405,"column":5}},{"start":{"line":390,"column":4},"end":{"line":405,"column":5}}],"line":390},"57":{"loc":{"start":{"line":392,"column":8},"end":{"line":394,"column":9}},"type":"if","locations":[{"start":{"line":392,"column":8},"end":{"line":394,"column":9}},{"start":{"line":392,"column":8},"end":{"line":394,"column":9}}],"line":392},"58":{"loc":{"start":{"line":397,"column":8},"end":{"line":399,"column":9}},"type":"if","locations":[{"start":{"line":397,"column":8},"end":{"line":399,"column":9}},{"start":{"line":397,"column":8},"end":{"line":399,"column":9}}],"line":397},"59":{"loc":{"start":{"line":402,"column":8},"end":{"line":404,"column":9}},"type":"if","locations":[{"start":{"line":402,"column":8},"end":{"line":404,"column":9}},{"start":{"line":402,"column":8},"end":{"line":404,"column":9}}],"line":402},"60":{"loc":{"start":{"line":419,"column":4},"end":{"line":421,"column":5}},"type":"if","locations":[{"start":{"line":419,"column":4},"end":{"line":421,"column":5}},{"start":{"line":419,"column":4},"end":{"line":421,"column":5}}],"line":419}},"s":{"0":0,"1":0,"2":0,"3":0,"4":0,"5":0,"6":0,"7":0,"8":0,"9":0,"10":0,"11":0,"12":0,"13":0,"14":0,"15":0,"16":0,"17":0,"18":0,"19":0,"20":0,"21":0,"22":0,"23":0,"24":0,"25":0,"26":0,"27":0,"28":0,"29":0,"30":0,"31":0,"32":0,"33":0,"34":0,"35":0,"36":0,"37":0,"38":0,"39":0,"40":0,"41":0,"42":0,"43":0,"44":0,"45":0,"46":0,"47":0,"48":0,"49":0,"50":0,"51":0,"52":0,"53":0,"54":0,"55":0,"56":0,"57":0,"58":0,"59":0,"60":0,"61":0,"62":0,"63":0,"64":0,"65":0,"66":0,"67":0,"68":0,"69":0,"70":0,"71":0,"72":0,"73":0,"74":0,"75":0,"76":0,"77":0,"78":0,"79":0,"80":0,"81":0,"82":0,"83":0,"84":0,"85":0,"86":0,"87":0,"88":0,"89":0,"90":0,"91":0,"92":0,"93":0,"94":0,"95":0,"96":0,"97":0,"98":0,"99":0,"100":0,"101":0,"102":0,"103":0,"104":0,"105":0,"106":0,"107":0,"108":0,"109":0,"110":0,"111":0,"112":0,"113":0,"114":0,"115":0,"116":0,"117":0,"118":0,"119":0,"120":0,"121":0,"122":0,"123":0,"124":0,"125":0,"126":0,"127":0,"128":0,"129":0,"130":0,"131":0,"132":0,"133":0,"134":0,"135":0,"136":0,"137":0,"138":0,"139":0,"140":0,"141":0,"142":0,"143":0,"144":0,"145":0,"146":0,"147":0,"148":0,"149":0,"150":0,"151":0,"152":0,"153":0,"154":0,"155":0,"156":0,"157":0,"158":0,"159":0,"160":0,"161":0,"162":0,"163":0,"164":0,"165":0,"166":0,"167":0,"168":0,"169":0,"170":0,"171":0,"172":0,"173":0,"174":0,"175":0,"176":0,"177":0,"178":0,"179":0,"180":0,"181":0,"182":0,"183":0,"184":0,"185":0,"186":0,"187":0,"188":0,"189":0,"190":0,"191":0,"192":0,"193":0,"194":0,"195":0,"196":0,"197":0,"198":0,"199":0,"200":0,"201":0,"202":0,"203":0,"204":0,"205":0,"206":0,"207":0},"f":{"0":0,"1":0,"2":0,"3":0,"4":0,"5":0,"6":0,"7":0,"8":0,"9":0,"10":0,"11":0,"12":0,"13":0,"14":0,"15":0,"16":0,"17":0,"18":0,"19":0,"20":0,"21":0,"22":0,"23":0,"24":0,"25":0,"26":0,"27":0,"28":0,"29":0,"30":0,"31":0,"32":0,"33":0,"34":0,"35":0,"36":0},"b":{"0":[0,0],"1":[0,0],"2":[0,0],"3":[0,0],"4":[0,0],"5":[0,0],"6":[0,0],"7":[0,0],"8":[0,0],"9":[0,0],"10":[0,0],"11":[0,0],"12":[0,0],"13":[0,0],"14":[0,0],"15":[0,0],"16":[0,0],"17":[0,0],"18":[0,0],"19":[0,0],"20":[0,0],"21":[0,0],"22":[0,0],"23":[0,0],"24":[0,0],"25":[0,0],"26":[0,0],"27":[0,0],"28":[0,0],"29":[0,0],"30":[0,0],"31":[0,0],"32":[0,0],"33":[0,0],"34":[0,0],"35":[0,0],"36":[0,0],"37":[0,0],"38":[0,0],"39":[0,0],"40":[0,0],"41":[0,0],"42":[0,0],"43":[0,0],"44":[0,0],"45":[0,0],"46":[0,0],"47":[0,0],"48":[0,0],"49":[0,0],"50":[0,0],"51":[0,0,0],"52":[0,0],"53":[0,0],"54":[0,0],"55":[0,0],"56":[0,0],"57":[0,0],"58":[0,0],"59":[0,0],"60":[0,0]},"all":true}}