TN:
SF:src\extension.ts
FN:5,activate
FN:7,(anonymous_1)
FN:11,(anonymous_2)
FN:15,(anonymous_3)
FN:19,(anonymous_4)
FN:27,(anonymous_5)
FN:42,(anonymous_6)
FN:57,updateStatusBarItem
FN:68,processSelection
FN:100,processAndPasteClipboard
FN:148,processBatchData
FN:177,processBatchDataFromArray
FN:182,(anonymous_12)
FN:188,(anonymous_13)
FN:193,(anonymous_14)
FN:194,(anonymous_15)
FN:194,(anonymous_16)
FN:218,detectTableData
FN:225,(anonymous_18)
FN:228,(anonymous_19)
FN:230,(anonymous_20)
FN:233,(anonymous_21)
FN:238,(anonymous_22)
FN:238,(anonymous_23)
FN:246,previewAndApplyInStatement
FN:256,(anonymous_25)
FN:285,(anonymous_26)
FN:299,parseText
FN:312,(anonymous_28)
FN:313,(anonymous_29)
FN:318,(anonymous_30)
FN:319,(anonymous_31)
FN:329,generateInStatement
FN:349,(anonymous_33)
FN:365,(anonymous_34)
FN:377,formatValue
FN:418,deactivate
FNF:37
FNH:0
FNDA:0,activate
FNDA:0,(anonymous_1)
FNDA:0,(anonymous_2)
FNDA:0,(anonymous_3)
FNDA:0,(anonymous_4)
FNDA:0,(anonymous_5)
FNDA:0,(anonymous_6)
FNDA:0,updateStatusBarItem
FNDA:0,processSelection
FNDA:0,processAndPasteClipboard
FNDA:0,processBatchData
FNDA:0,processBatchDataFromArray
FNDA:0,(anonymous_12)
FNDA:0,(anonymous_13)
FNDA:0,(anonymous_14)
FNDA:0,(anonymous_15)
FNDA:0,(anonymous_16)
FNDA:0,detectTableData
FNDA:0,(anonymous_18)
FNDA:0,(anonymous_19)
FNDA:0,(anonymous_20)
FNDA:0,(anonymous_21)
FNDA:0,(anonymous_22)
FNDA:0,(anonymous_23)
FNDA:0,previewAndApplyInStatement
FNDA:0,(anonymous_25)
FNDA:0,(anonymous_26)
FNDA:0,parseText
FNDA:0,(anonymous_28)
FNDA:0,(anonymous_29)
FNDA:0,(anonymous_30)
FNDA:0,(anonymous_31)
FNDA:0,generateInStatement
FNDA:0,(anonymous_33)
FNDA:0,(anonymous_34)
FNDA:0,formatValue
FNDA:0,deactivate
DA:7,0
DA:8,0
DA:11,0
DA:12,0
DA:15,0
DA:16,0
DA:19,0
DA:20,0
DA:21,0
DA:22,0
DA:23,0
DA:24,0
DA:27,0
DA:28,0
DA:29,0
DA:30,0
DA:31,0
DA:35,0
DA:36,0
DA:39,0
DA:42,0
DA:43,0
DA:44,0
DA:48,0
DA:58,0
DA:59,0
DA:60,0
DA:62,0
DA:63,0
DA:64,0
DA:65,0
DA:69,0
DA:70,0
DA:71,0
DA:72,0
DA:73,0
DA:75,0
DA:77,0
DA:78,0
DA:81,0
DA:82,0
DA:83,0
DA:84,0
DA:87,0
DA:88,0
DA:90,0
DA:93,0
DA:96,0
DA:101,0
DA:102,0
DA:103,0
DA:104,0
DA:105,0
DA:108,0
DA:109,0
DA:111,0
DA:112,0
DA:116,0
DA:118,0
DA:120,0
DA:125,0
DA:126,0
DA:127,0
DA:132,0
DA:133,0
DA:134,0
DA:135,0
DA:138,0
DA:139,0
DA:141,0
DA:144,0
DA:149,0
DA:150,0
DA:151,0
DA:152,0
DA:153,0
DA:156,0
DA:157,0
DA:159,0
DA:160,0
DA:161,0
DA:164,0
DA:166,0
DA:167,0
DA:168,0
DA:171,0
DA:173,0
DA:178,0
DA:179,0
DA:181,0
DA:182,0
DA:187,0
DA:188,0
DA:192,0
DA:193,0
DA:194,0
DA:196,0
DA:197,0
DA:198,0
DA:201,0
DA:207,0
DA:209,0
DA:210,0
DA:213,0
DA:214,0
DA:220,0
DA:222,0
DA:224,0
DA:225,0
DA:228,0
DA:229,0
DA:230,0
DA:233,0
DA:235,0
DA:236,0
DA:238,0
DA:243,0
DA:247,0
DA:248,0
DA:250,0
DA:252,0
DA:253,0
DA:254,0
DA:256,0
DA:257,0
DA:258,0
DA:260,0
DA:263,0
DA:265,0
DA:269,0
DA:270,0
DA:274,0
DA:278,0
DA:282,0
DA:284,0
DA:285,0
DA:286,0
DA:287,0
DA:289,0
DA:292,0
DA:293,0
DA:294,0
DA:295,0
DA:300,0
DA:302,0
DA:304,0
DA:305,0
DA:309,0
DA:311,0
DA:312,0
DA:313,0
DA:317,0
DA:318,0
DA:319,0
DA:322,0
DA:324,0
DA:325,0
DA:330,0
DA:331,0
DA:332,0
DA:335,0
DA:336,0
DA:337,0
DA:339,0
DA:340,0
DA:343,0
DA:349,0
DA:354,0
DA:355,0
DA:356,0
DA:357,0
DA:359,0
DA:360,0
DA:361,0
DA:364,0
DA:365,0
DA:367,0
DA:370,0
DA:374,0
DA:378,0
DA:379,0
DA:383,0
DA:384,0
DA:387,0
DA:388,0
DA:390,0
DA:392,0
DA:393,0
DA:397,0
DA:398,0
DA:402,0
DA:403,0
DA:408,0
DA:419,0
DA:420,0
LF:195
LH:0
BRDA:31,0,0,0
BRDA:31,0,1,0
BRDA:43,1,0,0
BRDA:43,1,1,0
BRDA:62,2,0,0
BRDA:62,2,1,0
BRDA:62,3,0,0
BRDA:62,3,1,0
BRDA:63,4,0,0
BRDA:63,4,1,0
BRDA:63,5,0,0
BRDA:63,5,1,0
BRDA:71,6,0,0
BRDA:71,6,1,0
BRDA:75,7,0,0
BRDA:75,7,1,0
BRDA:77,8,0,0
BRDA:77,8,1,0
BRDA:82,9,0,0
BRDA:82,9,1,0
BRDA:96,10,0,0
BRDA:96,10,1,0
BRDA:103,11,0,0
BRDA:103,11,1,0
BRDA:109,12,0,0
BRDA:109,12,1,0
BRDA:111,13,0,0
BRDA:111,13,1,0
BRDA:118,14,0,0
BRDA:118,14,1,0
BRDA:118,15,0,0
BRDA:118,15,1,0
BRDA:125,16,0,0
BRDA:125,16,1,0
BRDA:133,17,0,0
BRDA:133,17,1,0
BRDA:144,18,0,0
BRDA:144,18,1,0
BRDA:151,19,0,0
BRDA:151,19,1,0
BRDA:159,20,0,0
BRDA:159,20,1,0
BRDA:166,21,0,0
BRDA:166,21,1,0
BRDA:166,22,0,0
BRDA:166,22,1,0
BRDA:173,23,0,0
BRDA:173,23,1,0
BRDA:179,24,0,0
BRDA:179,24,1,0
BRDA:192,25,0,0
BRDA:192,25,1,0
BRDA:193,26,0,0
BRDA:193,26,1,0
BRDA:194,27,0,0
BRDA:194,27,1,0
BRDA:196,28,0,0
BRDA:196,28,1,0
BRDA:209,29,0,0
BRDA:209,29,1,0
BRDA:222,30,0,0
BRDA:222,30,1,0
BRDA:228,31,0,0
BRDA:228,31,1,0
BRDA:228,32,0,0
BRDA:228,32,1,0
BRDA:233,33,0,0
BRDA:233,33,1,0
BRDA:235,34,0,0
BRDA:235,34,1,0
BRDA:250,35,0,0
BRDA:250,35,1,0
BRDA:252,36,0,0
BRDA:252,36,1,0
BRDA:257,37,0,0
BRDA:257,37,1,0
BRDA:270,38,0,0
BRDA:270,38,1,0
BRDA:278,39,0,0
BRDA:278,39,1,0
BRDA:284,40,0,0
BRDA:284,40,1,0
BRDA:286,41,0,0
BRDA:286,41,1,0
BRDA:293,42,0,0
BRDA:293,42,1,0
BRDA:309,43,0,0
BRDA:309,43,1,0
BRDA:324,44,0,0
BRDA:324,44,1,0
BRDA:330,45,0,0
BRDA:330,45,1,0
BRDA:337,46,0,0
BRDA:337,46,1,0
BRDA:339,47,0,0
BRDA:339,47,1,0
BRDA:354,48,0,0
BRDA:354,48,1,0
BRDA:354,49,0,0
BRDA:354,49,1,0
BRDA:357,50,0,0
BRDA:357,50,1,0
BRDA:357,51,0,0
BRDA:357,51,1,0
BRDA:357,51,2,0
BRDA:370,52,0,0
BRDA:370,52,1,0
BRDA:378,53,0,0
BRDA:378,53,1,0
BRDA:378,54,0,0
BRDA:378,54,1,0
BRDA:383,55,0,0
BRDA:383,55,1,0
BRDA:390,56,0,0
BRDA:390,56,1,0
BRDA:392,57,0,0
BRDA:392,57,1,0
BRDA:397,58,0,0
BRDA:397,58,1,0
BRDA:402,59,0,0
BRDA:402,59,1,0
BRDA:419,60,0,0
BRDA:419,60,1,0
BRF:123
BRH:0
end_of_record
